<?xml version="1.0" encoding="UTF-8"?>
<!-- Generated by org.testng.reporters.JUnitXMLReporter -->
<testsuite hostname="MX-IT01127" name="My first test" tests="1" failures="1" timestamp="28 Mar 2018 23:11:52 GMT" time="5.488" errors="0">
  <testcase name="testStarbucks" time="5.46" classname="com.cuadrado.starbucks.Test.StarbucksTests">
    <failure type="org.openqa.selenium.WebDriverException" message="unknown error: Element &amp;lt;button id=&amp;quot;find-my-coffee&amp;quot; data-event=&amp;quot;find-my-coffee&amp;quot; tabindex=&amp;quot;0&amp;quot; target=&amp;quot;_blank&amp;quot; class=&amp;quot;btn btn-solid&amp;quot; role=&amp;quot;button&amp;quot; title=&amp;quot;...s&amp;quot;&amp;gt;Find my coffee&amp;lt;/button&amp;gt; is not clickable at point (508, 428). Other element would receive the click: &amp;lt;div class=&amp;quot;text-center col-xs-12 col-sm-10 col-md-8 col-lg-8 col-xs-offset-0 col-sm-offset-1 col-md-offset-2 col-lg-offset-2&amp;quot;&amp;gt;...&amp;lt;/div&amp;gt;
  (Session info: chrome=65.0.3325.181)
  (Driver info: chromedriver=2.37.544315 (730aa6a5fdba159ac9f4c1e8cbc59bf1b5ce12b7),platform=Windows NT 10.0.16299 x86_64) (WARNING: The server did not provide any stacktrace information)
Command duration or timeout: 0 milliseconds
Build info: version: &amp;apos;3.9.1&amp;apos;, revision: &amp;apos;63f7b50&amp;apos;, time: &amp;apos;2018-02-07T22:25:02.294Z&amp;apos;
System info: host: &amp;apos;MX-IT01127&amp;apos;, ip: &amp;apos;10.230.6.126&amp;apos;, os.name: &amp;apos;Windows 10&amp;apos;, os.arch: &amp;apos;amd64&amp;apos;, os.version: &amp;apos;10.0&amp;apos;, java.version: &amp;apos;1.8.0_161&amp;apos;
Driver info: org.openqa.selenium.chrome.ChromeDriver
Capabilities {acceptInsecureCerts: false, acceptSslCerts: false, applicationCacheEnabled: false, browserConnectionEnabled: false, browserName: chrome, chrome: {chromedriverVersion: 2.37.544315 (730aa6a5fdba15..., userDataDir: C:\Users\ERICK~1.CUA\AppDat...}, cssSelectorsEnabled: true, databaseEnabled: false, handlesAlerts: true, hasTouchScreen: false, javascriptEnabled: true, locationContextEnabled: true, mobileEmulationEnabled: false, nativeEvents: true, networkConnectionEnabled: false, pageLoadStrategy: normal, platform: XP, platformName: XP, rotatable: false, setWindowRect: true, takesHeapSnapshot: true, takesScreenshot: true, unexpectedAlertBehaviour: , unhandledPromptBehavior: , version: 65.0.3325.181, webStorageEnabled: true}
Session ID: e0143d2b5fd34ca2d7dfffc35b696cb3">
      <![CDATA[org.openqa.selenium.WebDriverException: unknown error: Element <button id="find-my-coffee" data-event="find-my-coffee" tabindex="0" target="_blank" class="btn btn-solid" role="button" title="...s">Find my coffee</button> is not clickable at point (508, 428). Other element would receive the click: <div class="text-center col-xs-12 col-sm-10 col-md-8 col-lg-8 col-xs-offset-0 col-sm-offset-1 col-md-offset-2 col-lg-offset-2">...</div>
  (Session info: chrome=65.0.3325.181)
  (Driver info: chromedriver=2.37.544315 (730aa6a5fdba159ac9f4c1e8cbc59bf1b5ce12b7),platform=Windows NT 10.0.16299 x86_64) (WARNING: The server did not provide any stacktrace information)
Command duration or timeout: 0 milliseconds
Build info: version: '3.9.1', revision: '63f7b50', time: '2018-02-07T22:25:02.294Z'
System info: host: 'MX-IT01127', ip: '10.230.6.126', os.name: 'Windows 10', os.arch: 'amd64', os.version: '10.0', java.version: '1.8.0_161'
Driver info: org.openqa.selenium.chrome.ChromeDriver
Capabilities {acceptInsecureCerts: false, acceptSslCerts: false, applicationCacheEnabled: false, browserConnectionEnabled: false, browserName: chrome, chrome: {chromedriverVersion: 2.37.544315 (730aa6a5fdba15..., userDataDir: C:\Users\ERICK~1.CUA\AppDat...}, cssSelectorsEnabled: true, databaseEnabled: false, handlesAlerts: true, hasTouchScreen: false, javascriptEnabled: true, locationContextEnabled: true, mobileEmulationEnabled: false, nativeEvents: true, networkConnectionEnabled: false, pageLoadStrategy: normal, platform: XP, platformName: XP, rotatable: false, setWindowRect: true, takesHeapSnapshot: true, takesScreenshot: true, unexpectedAlertBehaviour: , unhandledPromptBehavior: , version: 65.0.3325.181, webStorageEnabled: true}
Session ID: e0143d2b5fd34ca2d7dfffc35b696cb3
	at org.openqa.selenium.remote.ErrorHandler.createThrowable(ErrorHandler.java:214)
	at org.openqa.selenium.remote.ErrorHandler.throwIfResponseFailed(ErrorHandler.java:166)
	at org.openqa.selenium.remote.http.JsonHttpResponseCodec.reconstructValue(JsonHttpResponseCodec.java:40)
	at org.openqa.selenium.remote.http.AbstractHttpResponseCodec.decode(AbstractHttpResponseCodec.java:80)
	at org.openqa.selenium.remote.http.AbstractHttpResponseCodec.decode(AbstractHttpResponseCodec.java:44)
	at org.openqa.selenium.remote.HttpCommandExecutor.execute(HttpCommandExecutor.java:160)
	at org.openqa.selenium.remote.service.DriverCommandExecutor.execute(DriverCommandExecutor.java:83)
	at org.openqa.selenium.remote.RemoteWebDriver.execute(RemoteWebDriver.java:601)
	at org.openqa.selenium.remote.RemoteWebElement.execute(RemoteWebElement.java:279)
	at org.openqa.selenium.remote.RemoteWebElement.click(RemoteWebElement.java:83)
	at com.cuadrado.starbucks.pages.StarbucksHomePage.ejercicio2parte1(StarbucksHomePage.java:115)
	at com.cuadrado.starbucks.pages.StarbucksHomePage.secondEx(StarbucksHomePage.java:85)
	at com.cuadrado.starbucks.Test.StarbucksTests.testStarbucks(StarbucksTests.java:15)
... Removed 28 stack frames]]>
    </failure>
  </testcase> <!-- testStarbucks -->
</testsuite> <!-- My first test -->
